2021-03-02 11:52:15.852  INFO 37572 --- [main] c.p.l.LoggingApplicationTests            : Starting LoggingApplicationTests using Java 1.8.0_231 on Weisimins-MacBook-Pro.local with PID 37572 (started by weisiminpeng in /Users/weisiminpeng/Desktop/coop/internship_Winsse/Spring/code_practice/logging-application)
2021-03-02 11:52:15.854 DEBUG 37572 --- [main] c.p.l.LoggingApplicationTests            : Running with Spring Boot v2.4.3, Spring v5.3.4
2021-03-02 11:52:15.857  INFO 37572 --- [main] c.p.l.LoggingApplicationTests            : No active profile set, falling back to default profiles: default
2021-03-02 11:52:16.858  INFO 37572 --- [main] o.s.s.concurrent.ThreadPoolTaskExecutor  : Initializing ExecutorService 'applicationTaskExecutor'
2021-03-02 11:52:17.156  INFO 37572 --- [main] c.p.l.LoggingApplicationTests            : Started LoggingApplicationTests in 1.641 seconds (JVM running for 2.695)
2021-03-02 11:52:17.332 TRACE 37572 --- [main] c.p.l.LoggingApplicationTests            : This is trace...
2021-03-02 11:52:17.332 DEBUG 37572 --- [main] c.p.l.LoggingApplicationTests            : This is debug...
2021-03-02 11:52:17.332  INFO 37572 --- [main] c.p.l.LoggingApplicationTests            : This is info...
2021-03-02 11:52:17.332  WARN 37572 --- [main] c.p.l.LoggingApplicationTests            : This is warn...
2021-03-02 11:52:17.332 ERROR 37572 --- [main] c.p.l.LoggingApplicationTests            : This is error...
2021-03-02 11:52:17.352  INFO 37572 --- [SpringContextShutdownHook] o.s.s.concurrent.ThreadPoolTaskExecutor  : Shutting down ExecutorService 'applicationTaskExecutor'
2021-03-02 11:57:39.182  INFO 37594 --- [main] c.p.l.LoggingApplicationTests            : Starting LoggingApplicationTests using Java 1.8.0_231 on Weisimins-MacBook-Pro.local with PID 37594 (started by weisiminpeng in /Users/weisiminpeng/Desktop/coop/internship_Winsse/Spring/code_practice/logging-application)
2021-03-02 11:57:39.184 DEBUG 37594 --- [main] c.p.l.LoggingApplicationTests            : Running with Spring Boot v2.4.3, Spring v5.3.4
2021-03-02 11:57:39.185  INFO 37594 --- [main] c.p.l.LoggingApplicationTests            : No active profile set, falling back to default profiles: default
2021-03-02 11:57:40.256  INFO 37594 --- [main] o.s.s.concurrent.ThreadPoolTaskExecutor  : Initializing ExecutorService 'applicationTaskExecutor'
2021-03-02 11:57:40.557  INFO 37594 --- [main] c.p.l.LoggingApplicationTests            : Started LoggingApplicationTests in 1.926 seconds (JVM running for 3.077)
2021-03-02 11:57:40.803 TRACE 37594 --- [main] c.p.l.LoggingApplicationTests            : This is trace...
2021-03-02 11:57:40.803 DEBUG 37594 --- [main] c.p.l.LoggingApplicationTests            : This is debug...
2021-03-02 11:57:40.803  INFO 37594 --- [main] c.p.l.LoggingApplicationTests            : This is info...
2021-03-02 11:57:40.803  WARN 37594 --- [main] c.p.l.LoggingApplicationTests            : This is warn...
2021-03-02 11:57:40.803 ERROR 37594 --- [main] c.p.l.LoggingApplicationTests            : This is error...
2021-03-02 11:57:40.829  INFO 37594 --- [SpringContextShutdownHook] o.s.s.concurrent.ThreadPoolTaskExecutor  : Shutting down ExecutorService 'applicationTaskExecutor'
-2021-03-02 - INFO 37691 --- [           main] c.p.l.LoggingApplicationTests            : Starting LoggingApplicationTests using Java 1.8.0_231 on Weisimins-MacBook-Pro.local with PID 37691 (started by weisiminpeng in /Users/weisiminpeng/Desktop/coop/internship_Winsse/Spring/code_practice/logging-application)
--2021-03-02 -DEBUG 37691 --- [           main] c.p.l.LoggingApplicationTests            : Running with Spring Boot v2.4.3, Spring v5.3.4
--2021-03-02 - INFO 37691 --- [           main] c.p.l.LoggingApplicationTests            : No active profile set, falling back to default profiles: default
--2021-03-02 - INFO 37691 --- [           main] o.s.s.concurrent.ThreadPoolTaskExecutor  : Initializing ExecutorService 'applicationTaskExecutor'
--2021-03-02 - INFO 37691 --- [           main] c.p.l.LoggingApplicationTests            : Started LoggingApplicationTests in 2.224 seconds (JVM running for 3.479)
--2021-03-02 -TRACE 37691 --- [           main] c.p.l.LoggingApplicationTests            : This is trace...
--2021-03-02 -DEBUG 37691 --- [           main] c.p.l.LoggingApplicationTests            : This is debug...
--2021-03-02 - INFO 37691 --- [           main] c.p.l.LoggingApplicationTests            : This is info...
--2021-03-02 - WARN 37691 --- [           main] c.p.l.LoggingApplicationTests            : This is warn...
--2021-03-02 -ERROR 37691 --- [           main] c.p.l.LoggingApplicationTests            : This is error...
--2021-03-02 - INFO 37691 --- [extShutdownHook] o.s.s.concurrent.ThreadPoolTaskExecutor  : Shutting down ExecutorService 'applicationTaskExecutor'
-